<?xml version="1.0" encoding="UTF-8"?>
<testng-results ignored="0" total="1" passed="1" failed="0" skipped="0">
  <reporter-output>
  </reporter-output>
  <suite started-at="2026-03-19T22:16:00 IST" name="Suite" finished-at="2026-03-19T22:16:20 IST" duration-ms="19527">
    <groups>
    </groups>
    <test started-at="2026-03-19T22:16:00 IST" name="Test" finished-at="2026-03-19T22:16:20 IST" duration-ms="19527">
      <class name="testCases.RegisterTest">
        <test-method is-config="true" signature="setup()[pri:0, instance:testCases.RegisterTest@6ac13091]" started-at="2026-03-19T22:16:00 IST" name="setup" finished-at="2026-03-19T22:16:10 IST" duration-ms="9787" status="PASS">
          <reporter-output>
          </reporter-output>
        </test-method> <!-- setup -->
        <test-method signature="testLogin()[pri:0, instance:testCases.RegisterTest@6ac13091]" started-at="2026-03-19T22:16:10 IST" name="testLogin" finished-at="2026-03-19T22:16:19 IST" duration-ms="8497" status="PASS">
          <reporter-output>
          </reporter-output>
        </test-method> <!-- testLogin -->
        <test-method is-config="true" signature="tearDown()[pri:0, instance:testCases.RegisterTest@6ac13091]" started-at="2026-03-19T22:16:19 IST" name="tearDown" finished-at="2026-03-19T22:16:20 IST" duration-ms="1136" status="PASS">
          <reporter-output>
          </reporter-output>
        </test-method> <!-- tearDown -->
      </class> <!-- testCases.RegisterTest -->
    </test> <!-- Test -->
  </suite> <!-- Suite -->
</testng-results>
